[2025-03-01 22:12:55,439][server]<module>-line:35-INFO: Server Starting...
[2025-03-01 22:12:55,440][server]<module>-line:36-INFO: Importing Server Models...
[2025-03-01 22:12:55,440][server]<module>-line:39-INFO: Importing VL Models...
[2025-03-01 22:12:55,441][server]<module>-line:41-INFO: Creating Context...
[2025-03-01 22:12:55,508][server]<module>-line:181-INFO: Starting server...
[2025-03-01 22:12:55,509][server]<module>-line:184-INFO: System Info:
[2025-03-01 22:12:55,509][server]<module>-line:185-INFO: Python Version: 3.9.21 (main, Dec 11 2024, 16:35:24) [MSC v.1929 64 bit (AMD64)]
[2025-03-01 22:12:55,510][server]<module>-line:186-INFO: PyTorch Version: 2.6.0+cpu
[2025-03-01 22:12:55,510][server]<module>-line:187-INFO: PIL Version: 11.1.0
[2025-03-01 22:12:55,511][server]<module>-line:188-INFO: CLIP Version: 0.2.0
[2025-03-01 22:12:55,511][server]<module>-line:189-INFO: FastAPI Version: 0.115.8
[2025-03-01 22:12:55,512][server]<module>-line:190-INFO: Uvicorn Version: 0.34.0
[2025-03-01 22:12:55,512][server]<module>-line:192-INFO: Loading Models...
[2025-03-01 22:12:56,884][server]<module>-line:197-INFO: Text Model Encoder: Taiyi-CLIP-Roberta-large-326M-Chinese
[2025-03-01 22:13:00,393][server]<module>-line:203-INFO: Image Model Encoder: clip-vit-large-patch14
[2025-03-01 22:13:00,394][server]<module>-line:205-INFO: Loading DataBase...
[2025-03-02 19:23:33,971][server]<module>-line:35-INFO: Server Starting...
[2025-03-02 19:23:33,972][server]<module>-line:36-INFO: Importing Server Models...
[2025-03-02 19:23:33,973][server]<module>-line:39-INFO: Importing VL Models...
[2025-03-02 19:23:33,974][server]<module>-line:41-INFO: Creating Context...
[2025-03-02 19:23:34,103][server]<module>-line:181-INFO: Starting server...
[2025-03-02 19:23:34,104][server]<module>-line:184-INFO: System Info:
[2025-03-02 19:23:34,104][server]<module>-line:185-INFO: Python Version: 3.9.21 (main, Dec 11 2024, 16:35:24) [MSC v.1929 64 bit (AMD64)]
[2025-03-02 19:23:34,105][server]<module>-line:186-INFO: PyTorch Version: 2.6.0+cpu
[2025-03-02 19:23:34,105][server]<module>-line:187-INFO: PIL Version: 11.1.0
[2025-03-02 19:23:34,106][server]<module>-line:188-INFO: CLIP Version: 0.2.0
[2025-03-02 19:23:34,107][server]<module>-line:189-INFO: FastAPI Version: 0.115.8
[2025-03-02 19:23:34,108][server]<module>-line:190-INFO: Uvicorn Version: 0.34.0
[2025-03-02 19:23:34,110][server]<module>-line:192-INFO: Loading Models...
[2025-03-02 19:23:35,322][server]<module>-line:197-INFO: Text Model Encoder: Taiyi-CLIP-Roberta-large-326M-Chinese
[2025-03-02 19:23:38,038][server]<module>-line:203-INFO: Image Model Encoder: clip-vit-large-patch14
[2025-03-02 19:23:38,038][server]<module>-line:205-INFO: Loading DataBase...
[2025-03-02 19:52:13,884][server]<module>-line:35-INFO: Server Starting...
[2025-03-02 19:52:13,885][server]<module>-line:36-INFO: Importing Server Models...
[2025-03-02 19:52:13,886][server]<module>-line:39-INFO: Importing VL Models...
[2025-03-02 19:52:13,886][server]<module>-line:41-INFO: Creating Context...
[2025-03-02 19:52:13,932][server]<module>-line:179-INFO: Starting server...
[2025-03-02 19:52:13,934][server]<module>-line:182-INFO: System Info:
[2025-03-02 19:52:13,934][server]<module>-line:183-INFO: Python Version: 3.9.21 (main, Dec 11 2024, 16:35:24) [MSC v.1929 64 bit (AMD64)]
[2025-03-02 19:52:13,935][server]<module>-line:184-INFO: PyTorch Version: 2.6.0+cpu
[2025-03-02 19:52:13,935][server]<module>-line:185-INFO: PIL Version: 11.1.0
[2025-03-02 19:52:13,935][server]<module>-line:186-INFO: CLIP Version: 0.2.0
[2025-03-02 19:52:13,936][server]<module>-line:187-INFO: FastAPI Version: 0.115.8
[2025-03-02 19:52:13,936][server]<module>-line:188-INFO: Uvicorn Version: 0.34.0
[2025-03-02 19:52:13,936][server]<module>-line:190-INFO: Loading Models...
[2025-03-02 19:52:14,805][server]<module>-line:195-INFO: Text Model Encoder: Taiyi-CLIP-Roberta-large-326M-Chinese
[2025-03-02 19:52:16,162][server]<module>-line:201-INFO: Image Model Encoder: clip-vit-large-patch14
[2025-03-02 19:52:16,162][server]<module>-line:203-INFO: Loading DataBase...
[2025-03-02 20:06:14,913][server]<module>-line:35-INFO: Server Starting...
[2025-03-02 20:06:14,914][server]<module>-line:36-INFO: Importing Server Models...
[2025-03-02 20:06:14,914][server]<module>-line:39-INFO: Importing VL Models...
[2025-03-02 20:06:14,914][server]<module>-line:41-INFO: Creating Context...
[2025-03-02 20:06:14,975][server]<module>-line:189-INFO: Starting server...
[2025-03-02 20:06:14,976][server]<module>-line:192-INFO: System Info:
[2025-03-02 20:06:14,976][server]<module>-line:193-INFO: Python Version: 3.9.21 (main, Dec 11 2024, 16:35:24) [MSC v.1929 64 bit (AMD64)]
[2025-03-02 20:06:14,977][server]<module>-line:194-INFO: PyTorch Version: 2.6.0+cpu
[2025-03-02 20:06:14,977][server]<module>-line:195-INFO: PIL Version: 11.1.0
[2025-03-02 20:06:14,977][server]<module>-line:196-INFO: CLIP Version: 0.2.0
[2025-03-02 20:06:14,978][server]<module>-line:197-INFO: FastAPI Version: 0.115.8
[2025-03-02 20:06:14,978][server]<module>-line:198-INFO: Uvicorn Version: 0.34.0
[2025-03-02 20:06:14,979][server]<module>-line:200-INFO: Loading Models...
[2025-03-02 20:06:15,916][server]<module>-line:205-INFO: Text Model Encoder: Taiyi-CLIP-Roberta-large-326M-Chinese
[2025-03-02 20:06:17,358][server]<module>-line:211-INFO: Image Model Encoder: clip-vit-large-patch14
[2025-03-02 20:06:17,359][server]<module>-line:213-INFO: Loading DataBase...
[2025-03-02 20:30:42,908][server]<module>-line:35-INFO: Server Starting...
[2025-03-02 20:30:42,909][server]<module>-line:36-INFO: Importing Server Models...
[2025-03-02 20:30:42,910][server]<module>-line:39-INFO: Importing VL Models...
[2025-03-02 20:30:42,910][server]<module>-line:41-INFO: Creating Context...
[2025-03-02 20:30:42,963][server]<module>-line:187-INFO: Starting server...
[2025-03-02 20:30:42,963][server]<module>-line:190-INFO: System Info:
[2025-03-02 20:30:42,964][server]<module>-line:191-INFO: Python Version: 3.9.21 (main, Dec 11 2024, 16:35:24) [MSC v.1929 64 bit (AMD64)]
[2025-03-02 20:30:42,964][server]<module>-line:192-INFO: PyTorch Version: 2.6.0+cpu
[2025-03-02 20:30:42,964][server]<module>-line:193-INFO: PIL Version: 11.1.0
[2025-03-02 20:30:42,965][server]<module>-line:194-INFO: CLIP Version: 0.2.0
[2025-03-02 20:30:42,965][server]<module>-line:195-INFO: FastAPI Version: 0.115.8
[2025-03-02 20:30:42,965][server]<module>-line:196-INFO: Uvicorn Version: 0.34.0
[2025-03-02 20:30:42,966][server]<module>-line:198-INFO: Loading Models...
[2025-03-02 20:30:43,824][server]<module>-line:203-INFO: Text Model Encoder: Taiyi-CLIP-Roberta-large-326M-Chinese
[2025-03-02 20:30:45,029][server]<module>-line:209-INFO: Image Model Encoder: clip-vit-large-patch14
[2025-03-02 20:30:45,029][server]<module>-line:211-INFO: Loading DataBase...
[2025-03-02 20:31:57,750][server]<module>-line:35-INFO: Server Starting...
[2025-03-02 20:31:57,751][server]<module>-line:36-INFO: Importing Server Models...
[2025-03-02 20:31:57,751][server]<module>-line:39-INFO: Importing VL Models...
[2025-03-02 20:31:57,752][server]<module>-line:41-INFO: Creating Context...
[2025-03-02 20:31:57,838][server]<module>-line:187-INFO: Starting server...
[2025-03-02 20:31:57,839][server]<module>-line:190-INFO: System Info:
[2025-03-02 20:31:57,839][server]<module>-line:191-INFO: Python Version: 3.9.21 (main, Dec 11 2024, 16:35:24) [MSC v.1929 64 bit (AMD64)]
[2025-03-02 20:31:57,839][server]<module>-line:192-INFO: PyTorch Version: 2.6.0+cpu
[2025-03-02 20:31:57,840][server]<module>-line:193-INFO: PIL Version: 11.1.0
[2025-03-02 20:31:57,840][server]<module>-line:194-INFO: CLIP Version: 0.2.0
[2025-03-02 20:31:57,841][server]<module>-line:195-INFO: FastAPI Version: 0.115.8
[2025-03-02 20:31:57,841][server]<module>-line:196-INFO: Uvicorn Version: 0.34.0
[2025-03-02 20:31:57,841][server]<module>-line:198-INFO: Loading Models...
[2025-03-02 20:31:58,870][server]<module>-line:203-INFO: Text Model Encoder: Taiyi-CLIP-Roberta-large-326M-Chinese
[2025-03-02 20:32:00,085][server]<module>-line:209-INFO: Image Model Encoder: clip-vit-large-patch14
[2025-03-02 20:32:00,086][server]<module>-line:211-INFO: Loading DataBase...
[2025-03-02 20:42:32,418][server]<module>-line:35-INFO: Server Starting...
[2025-03-02 20:42:32,419][server]<module>-line:36-INFO: Importing Server Models...
[2025-03-02 20:42:32,419][server]<module>-line:39-INFO: Importing VL Models...
[2025-03-02 20:42:32,420][server]<module>-line:41-INFO: Creating Context...
[2025-03-02 20:42:32,486][server]<module>-line:182-INFO: Starting server...
[2025-03-02 20:42:32,486][server]<module>-line:185-INFO: System Info:
[2025-03-02 20:42:32,487][server]<module>-line:186-INFO: Python Version: 3.9.21 (main, Dec 11 2024, 16:35:24) [MSC v.1929 64 bit (AMD64)]
[2025-03-02 20:42:32,487][server]<module>-line:187-INFO: PyTorch Version: 2.6.0+cpu
[2025-03-02 20:42:32,488][server]<module>-line:188-INFO: PIL Version: 11.1.0
[2025-03-02 20:42:32,488][server]<module>-line:189-INFO: CLIP Version: 0.2.0
[2025-03-02 20:42:32,488][server]<module>-line:190-INFO: FastAPI Version: 0.115.8
[2025-03-02 20:42:32,489][server]<module>-line:191-INFO: Uvicorn Version: 0.34.0
[2025-03-02 20:42:32,489][server]<module>-line:193-INFO: Loading Models...
[2025-03-02 20:42:33,384][server]<module>-line:198-INFO: Text Model Encoder: Taiyi-CLIP-Roberta-large-326M-Chinese
[2025-03-02 20:42:34,823][server]<module>-line:204-INFO: Image Model Encoder: clip-vit-large-patch14
[2025-03-02 20:42:34,824][server]<module>-line:206-INFO: Loading DataBase...
[2025-03-02 21:31:34,120][server]<module>-line:35-INFO: Server Starting...
[2025-03-02 21:31:34,123][server]<module>-line:36-INFO: Importing Server Models...
[2025-03-02 21:31:34,124][server]<module>-line:39-INFO: Importing VL Models...
[2025-03-02 21:31:34,124][server]<module>-line:41-INFO: Creating Context...
[2025-03-02 21:31:34,181][server]<module>-line:181-INFO: Starting server...
[2025-03-02 21:31:34,181][server]<module>-line:184-INFO: System Info:
[2025-03-02 21:31:34,183][server]<module>-line:185-INFO: Python Version: 3.9.21 (main, Dec 11 2024, 16:35:24) [MSC v.1929 64 bit (AMD64)]
[2025-03-02 21:31:34,183][server]<module>-line:186-INFO: PyTorch Version: 2.6.0+cpu
[2025-03-02 21:31:34,184][server]<module>-line:187-INFO: PIL Version: 11.1.0
[2025-03-02 21:31:34,185][server]<module>-line:188-INFO: CLIP Version: 0.2.0
[2025-03-02 21:31:34,186][server]<module>-line:189-INFO: FastAPI Version: 0.115.8
[2025-03-02 21:31:34,186][server]<module>-line:190-INFO: Uvicorn Version: 0.34.0
[2025-03-02 21:31:34,187][server]<module>-line:192-INFO: Loading Models...
[2025-03-02 21:31:34,994][server]<module>-line:197-INFO: Text Model Encoder: Taiyi-CLIP-Roberta-large-326M-Chinese
[2025-03-02 21:31:36,123][server]<module>-line:203-INFO: Image Model Encoder: clip-vit-large-patch14
[2025-03-02 21:31:36,124][server]<module>-line:205-INFO: Loading DataBase...
[2025-03-02 22:20:55,320][server]<module>-line:35-INFO: Server Starting...
[2025-03-02 22:20:55,322][server]<module>-line:36-INFO: Importing Server Models...
[2025-03-02 22:20:55,322][server]<module>-line:39-INFO: Importing VL Models...
[2025-03-02 22:20:55,322][server]<module>-line:41-INFO: Creating Context...
[2025-03-02 22:20:55,409][server]<module>-line:190-INFO: Starting server...
[2025-03-02 22:20:55,410][server]<module>-line:193-INFO: System Info:
[2025-03-02 22:20:55,410][server]<module>-line:194-INFO: Python Version: 3.9.21 (main, Dec 11 2024, 16:35:24) [MSC v.1929 64 bit (AMD64)]
[2025-03-02 22:20:55,411][server]<module>-line:195-INFO: PyTorch Version: 2.6.0+cpu
[2025-03-02 22:20:55,411][server]<module>-line:196-INFO: PIL Version: 11.1.0
[2025-03-02 22:20:55,411][server]<module>-line:197-INFO: CLIP Version: 0.2.0
[2025-03-02 22:20:55,411][server]<module>-line:198-INFO: FastAPI Version: 0.115.8
[2025-03-02 22:20:55,411][server]<module>-line:199-INFO: Uvicorn Version: 0.34.0
[2025-03-02 22:20:55,413][server]<module>-line:201-INFO: Loading Models...
[2025-03-02 22:20:56,803][server]<module>-line:206-INFO: Text Model Encoder: Taiyi-CLIP-Roberta-large-326M-Chinese
[2025-03-02 22:20:58,447][server]<module>-line:212-INFO: Image Model Encoder: clip-vit-large-patch14
[2025-03-02 22:20:58,448][server]<module>-line:214-INFO: Loading DataBase...
[2025-03-02 22:22:48,570][server]<module>-line:35-INFO: Server Starting...
[2025-03-02 22:22:48,571][server]<module>-line:36-INFO: Importing Server Models...
[2025-03-02 22:22:48,571][server]<module>-line:39-INFO: Importing VL Models...
[2025-03-02 22:22:48,571][server]<module>-line:41-INFO: Creating Context...
[2025-03-02 22:22:48,634][server]<module>-line:190-INFO: Starting server...
[2025-03-02 22:22:48,634][server]<module>-line:193-INFO: System Info:
[2025-03-02 22:22:48,635][server]<module>-line:194-INFO: Python Version: 3.9.21 (main, Dec 11 2024, 16:35:24) [MSC v.1929 64 bit (AMD64)]
[2025-03-02 22:22:48,635][server]<module>-line:195-INFO: PyTorch Version: 2.6.0+cpu
[2025-03-02 22:22:48,636][server]<module>-line:196-INFO: PIL Version: 11.1.0
[2025-03-02 22:22:48,636][server]<module>-line:197-INFO: CLIP Version: 0.2.0
[2025-03-02 22:22:48,637][server]<module>-line:198-INFO: FastAPI Version: 0.115.8
[2025-03-02 22:22:48,637][server]<module>-line:199-INFO: Uvicorn Version: 0.34.0
[2025-03-02 22:22:48,637][server]<module>-line:201-INFO: Loading Models...
[2025-03-02 22:22:49,563][server]<module>-line:206-INFO: Text Model Encoder: Taiyi-CLIP-Roberta-large-326M-Chinese
[2025-03-02 22:22:50,947][server]<module>-line:212-INFO: Image Model Encoder: clip-vit-large-patch14
[2025-03-02 22:22:50,948][server]<module>-line:214-INFO: Loading DataBase...
[2025-03-02 22:29:39,730][server]<module>-line:35-INFO: Server Starting...
[2025-03-02 22:29:39,732][server]<module>-line:36-INFO: Importing Server Models...
[2025-03-02 22:29:39,732][server]<module>-line:39-INFO: Importing VL Models...
[2025-03-02 22:29:39,733][server]<module>-line:41-INFO: Creating Context...
[2025-03-02 22:29:39,885][server]<module>-line:190-INFO: Starting server...
[2025-03-02 22:29:39,886][server]<module>-line:193-INFO: System Info:
[2025-03-02 22:29:39,886][server]<module>-line:194-INFO: Python Version: 3.9.21 (main, Dec 11 2024, 16:35:24) [MSC v.1929 64 bit (AMD64)]
[2025-03-02 22:29:39,887][server]<module>-line:195-INFO: PyTorch Version: 2.6.0+cpu
[2025-03-02 22:29:39,888][server]<module>-line:196-INFO: PIL Version: 11.1.0
[2025-03-02 22:29:39,888][server]<module>-line:197-INFO: CLIP Version: 0.2.0
[2025-03-02 22:29:39,892][server]<module>-line:198-INFO: FastAPI Version: 0.115.8
[2025-03-02 22:29:39,894][server]<module>-line:199-INFO: Uvicorn Version: 0.34.0
[2025-03-02 22:29:39,894][server]<module>-line:201-INFO: Loading Models...
[2025-03-02 22:29:41,798][server]<module>-line:206-INFO: Text Model Encoder: Taiyi-CLIP-Roberta-large-326M-Chinese
[2025-03-02 22:29:44,539][server]<module>-line:212-INFO: Image Model Encoder: clip-vit-large-patch14
[2025-03-02 22:29:44,541][server]<module>-line:214-INFO: Loading DataBase...
[2025-03-02 22:36:15,524][server]<module>-line:35-INFO: Server Starting...
[2025-03-02 22:36:15,525][server]<module>-line:36-INFO: Importing Server Models...
[2025-03-02 22:36:15,525][server]<module>-line:39-INFO: Importing VL Models...
[2025-03-02 22:36:15,526][server]<module>-line:41-INFO: Creating Context...
[2025-03-02 22:36:15,591][server]<module>-line:193-INFO: Starting server...
[2025-03-02 22:36:15,591][server]<module>-line:196-INFO: System Info:
[2025-03-02 22:36:15,592][server]<module>-line:197-INFO: Python Version: 3.9.21 (main, Dec 11 2024, 16:35:24) [MSC v.1929 64 bit (AMD64)]
[2025-03-02 22:36:15,592][server]<module>-line:198-INFO: PyTorch Version: 2.6.0+cpu
[2025-03-02 22:36:15,592][server]<module>-line:199-INFO: PIL Version: 11.1.0
[2025-03-02 22:36:15,593][server]<module>-line:200-INFO: CLIP Version: 0.2.0
[2025-03-02 22:36:15,593][server]<module>-line:201-INFO: FastAPI Version: 0.115.8
[2025-03-02 22:36:15,593][server]<module>-line:202-INFO: Uvicorn Version: 0.34.0
[2025-03-02 22:36:15,594][server]<module>-line:204-INFO: Loading Models...
[2025-03-02 22:36:16,526][server]<module>-line:209-INFO: Text Model Encoder: Taiyi-CLIP-Roberta-large-326M-Chinese
[2025-03-02 22:36:17,932][server]<module>-line:215-INFO: Image Model Encoder: clip-vit-large-patch14
[2025-03-02 22:36:17,932][server]<module>-line:217-INFO: Loading DataBase...
[2025-03-02 23:09:22,718][server]<module>-line:35-INFO: Server Starting...
[2025-03-02 23:09:22,719][server]<module>-line:36-INFO: Importing Server Models...
[2025-03-02 23:09:22,720][server]<module>-line:39-INFO: Importing VL Models...
[2025-03-02 23:09:22,720][server]<module>-line:41-INFO: Creating Context...
[2025-03-02 23:09:22,815][server]<module>-line:220-INFO: Starting server...
[2025-03-02 23:09:22,815][server]<module>-line:223-INFO: System Info:
[2025-03-02 23:09:22,816][server]<module>-line:224-INFO: Python Version: 3.9.21 (main, Dec 11 2024, 16:35:24) [MSC v.1929 64 bit (AMD64)]
[2025-03-02 23:09:22,816][server]<module>-line:225-INFO: PyTorch Version: 2.6.0+cpu
[2025-03-02 23:09:22,818][server]<module>-line:226-INFO: PIL Version: 11.1.0
[2025-03-02 23:09:22,818][server]<module>-line:227-INFO: CLIP Version: 0.2.0
[2025-03-02 23:09:22,819][server]<module>-line:228-INFO: FastAPI Version: 0.115.8
[2025-03-02 23:09:22,819][server]<module>-line:229-INFO: Uvicorn Version: 0.34.0
[2025-03-02 23:09:22,819][server]<module>-line:231-INFO: Loading Models...
[2025-03-02 23:09:23,960][server]<module>-line:236-INFO: Text Model Encoder: Taiyi-CLIP-Roberta-large-326M-Chinese
[2025-03-02 23:09:25,799][server]<module>-line:242-INFO: Image Model Encoder: clip-vit-large-patch14
[2025-03-02 23:09:25,827][server]<module>-line:244-INFO: Loading DataBase...
[2025-03-02 23:14:26,683][server]<module>-line:35-INFO: Server Starting...
[2025-03-02 23:14:26,685][server]<module>-line:36-INFO: Importing Server Models...
[2025-03-02 23:14:26,685][server]<module>-line:39-INFO: Importing VL Models...
[2025-03-02 23:14:26,686][server]<module>-line:41-INFO: Creating Context...
[2025-03-02 23:14:26,762][server]<module>-line:220-INFO: Starting server...
[2025-03-02 23:14:26,763][server]<module>-line:223-INFO: System Info:
[2025-03-02 23:14:26,763][server]<module>-line:224-INFO: Python Version: 3.9.21 (main, Dec 11 2024, 16:35:24) [MSC v.1929 64 bit (AMD64)]
[2025-03-02 23:14:26,764][server]<module>-line:225-INFO: PyTorch Version: 2.6.0+cpu
[2025-03-02 23:14:26,764][server]<module>-line:226-INFO: PIL Version: 11.1.0
[2025-03-02 23:14:26,764][server]<module>-line:227-INFO: CLIP Version: 0.2.0
[2025-03-02 23:14:26,765][server]<module>-line:228-INFO: FastAPI Version: 0.115.8
[2025-03-02 23:14:26,765][server]<module>-line:229-INFO: Uvicorn Version: 0.34.0
[2025-03-02 23:14:26,766][server]<module>-line:231-INFO: Loading Models...
[2025-03-02 23:14:28,012][server]<module>-line:236-INFO: Text Model Encoder: Taiyi-CLIP-Roberta-large-326M-Chinese
[2025-03-02 23:14:29,630][server]<module>-line:242-INFO: Image Model Encoder: clip-vit-large-patch14
[2025-03-02 23:14:29,630][server]<module>-line:244-INFO: Loading DataBase...
[2025-03-02 23:21:17,491][server]<module>-line:35-INFO: Server Starting...
[2025-03-02 23:21:17,492][server]<module>-line:36-INFO: Importing Server Models...
[2025-03-02 23:21:17,492][server]<module>-line:39-INFO: Importing VL Models...
[2025-03-02 23:21:17,493][server]<module>-line:41-INFO: Creating Context...
[2025-03-02 23:21:17,558][server]<module>-line:220-INFO: Starting server...
[2025-03-02 23:21:17,559][server]<module>-line:223-INFO: System Info:
[2025-03-02 23:21:17,559][server]<module>-line:224-INFO: Python Version: 3.9.21 (main, Dec 11 2024, 16:35:24) [MSC v.1929 64 bit (AMD64)]
[2025-03-02 23:21:17,559][server]<module>-line:225-INFO: PyTorch Version: 2.6.0+cpu
[2025-03-02 23:21:17,559][server]<module>-line:226-INFO: PIL Version: 11.1.0
[2025-03-02 23:21:17,560][server]<module>-line:227-INFO: CLIP Version: 0.2.0
[2025-03-02 23:21:17,560][server]<module>-line:228-INFO: FastAPI Version: 0.115.8
[2025-03-02 23:21:17,561][server]<module>-line:229-INFO: Uvicorn Version: 0.34.0
[2025-03-02 23:21:17,561][server]<module>-line:231-INFO: Loading Models...
[2025-03-02 23:21:18,666][server]<module>-line:236-INFO: Text Model Encoder: Taiyi-CLIP-Roberta-large-326M-Chinese
[2025-03-02 23:21:20,253][server]<module>-line:242-INFO: Image Model Encoder: clip-vit-large-patch14
[2025-03-02 23:21:20,254][server]<module>-line:244-INFO: Loading DataBase...
[2025-03-02 23:28:21,433][server]<module>-line:35-INFO: Server Starting...
[2025-03-02 23:28:21,434][server]<module>-line:36-INFO: Importing Server Models...
[2025-03-02 23:28:21,434][server]<module>-line:39-INFO: Importing VL Models...
[2025-03-02 23:28:21,434][server]<module>-line:41-INFO: Creating Context...
[2025-03-02 23:28:21,515][server]<module>-line:220-INFO: Starting server...
[2025-03-02 23:28:21,515][server]<module>-line:223-INFO: System Info:
[2025-03-02 23:28:21,516][server]<module>-line:224-INFO: Python Version: 3.9.21 (main, Dec 11 2024, 16:35:24) [MSC v.1929 64 bit (AMD64)]
[2025-03-02 23:28:21,516][server]<module>-line:225-INFO: PyTorch Version: 2.6.0+cpu
[2025-03-02 23:28:21,517][server]<module>-line:226-INFO: PIL Version: 11.1.0
[2025-03-02 23:28:21,517][server]<module>-line:227-INFO: CLIP Version: 0.2.0
[2025-03-02 23:28:21,517][server]<module>-line:228-INFO: FastAPI Version: 0.115.8
[2025-03-02 23:28:21,517][server]<module>-line:229-INFO: Uvicorn Version: 0.34.0
[2025-03-02 23:28:21,517][server]<module>-line:231-INFO: Loading Models...
[2025-03-02 23:28:22,727][server]<module>-line:236-INFO: Text Model Encoder: Taiyi-CLIP-Roberta-large-326M-Chinese
[2025-03-02 23:28:24,355][server]<module>-line:242-INFO: Image Model Encoder: clip-vit-large-patch14
[2025-03-02 23:28:24,356][server]<module>-line:244-INFO: Loading DataBase...
[2025-03-02 23:29:34,151][server]<module>-line:35-INFO: Server Starting...
[2025-03-02 23:29:34,152][server]<module>-line:36-INFO: Importing Server Models...
[2025-03-02 23:29:34,152][server]<module>-line:39-INFO: Importing VL Models...
[2025-03-02 23:29:34,153][server]<module>-line:41-INFO: Creating Context...
[2025-03-02 23:29:34,257][server]<module>-line:220-INFO: Starting server...
[2025-03-02 23:29:34,258][server]<module>-line:223-INFO: System Info:
[2025-03-02 23:29:34,258][server]<module>-line:224-INFO: Python Version: 3.9.21 (main, Dec 11 2024, 16:35:24) [MSC v.1929 64 bit (AMD64)]
[2025-03-02 23:29:34,259][server]<module>-line:225-INFO: PyTorch Version: 2.6.0+cpu
[2025-03-02 23:29:34,260][server]<module>-line:226-INFO: PIL Version: 11.1.0
[2025-03-02 23:29:34,260][server]<module>-line:227-INFO: CLIP Version: 0.2.0
[2025-03-02 23:29:34,261][server]<module>-line:228-INFO: FastAPI Version: 0.115.8
[2025-03-02 23:29:34,261][server]<module>-line:229-INFO: Uvicorn Version: 0.34.0
[2025-03-02 23:29:34,261][server]<module>-line:231-INFO: Loading Models...
[2025-03-02 23:29:35,347][server]<module>-line:236-INFO: Text Model Encoder: Taiyi-CLIP-Roberta-large-326M-Chinese
[2025-03-02 23:29:37,063][server]<module>-line:242-INFO: Image Model Encoder: clip-vit-large-patch14
[2025-03-02 23:29:37,064][server]<module>-line:244-INFO: Loading DataBase...
[2025-03-02 23:30:27,787][server]<module>-line:35-INFO: Server Starting...
[2025-03-02 23:30:27,789][server]<module>-line:36-INFO: Importing Server Models...
[2025-03-02 23:30:27,790][server]<module>-line:39-INFO: Importing VL Models...
[2025-03-02 23:30:27,790][server]<module>-line:41-INFO: Creating Context...
[2025-03-02 23:30:27,872][server]<module>-line:221-INFO: Starting server...
[2025-03-02 23:30:27,872][server]<module>-line:224-INFO: System Info:
[2025-03-02 23:30:27,873][server]<module>-line:225-INFO: Python Version: 3.9.21 (main, Dec 11 2024, 16:35:24) [MSC v.1929 64 bit (AMD64)]
[2025-03-02 23:30:27,873][server]<module>-line:226-INFO: PyTorch Version: 2.6.0+cpu
[2025-03-02 23:30:27,874][server]<module>-line:227-INFO: PIL Version: 11.1.0
[2025-03-02 23:30:27,874][server]<module>-line:228-INFO: CLIP Version: 0.2.0
[2025-03-02 23:30:27,874][server]<module>-line:229-INFO: FastAPI Version: 0.115.8
[2025-03-02 23:30:27,875][server]<module>-line:230-INFO: Uvicorn Version: 0.34.0
[2025-03-02 23:30:27,875][server]<module>-line:232-INFO: Loading Models...
[2025-03-02 23:30:29,007][server]<module>-line:237-INFO: Text Model Encoder: Taiyi-CLIP-Roberta-large-326M-Chinese
[2025-03-02 23:30:30,581][server]<module>-line:243-INFO: Image Model Encoder: clip-vit-large-patch14
[2025-03-02 23:30:30,582][server]<module>-line:245-INFO: Loading DataBase...
[2025-03-02 23:31:49,957][server]<module>-line:35-INFO: Server Starting...
[2025-03-02 23:31:49,958][server]<module>-line:36-INFO: Importing Server Models...
[2025-03-02 23:31:49,958][server]<module>-line:39-INFO: Importing VL Models...
[2025-03-02 23:31:49,959][server]<module>-line:41-INFO: Creating Context...
[2025-03-02 23:32:34,393][server]<module>-line:35-INFO: Server Starting...
[2025-03-02 23:32:34,394][server]<module>-line:36-INFO: Importing Server Models...
[2025-03-02 23:32:34,394][server]<module>-line:39-INFO: Importing VL Models...
[2025-03-02 23:32:34,395][server]<module>-line:41-INFO: Creating Context...
[2025-03-02 23:32:34,463][server]<module>-line:221-INFO: Starting server...
[2025-03-02 23:32:34,463][server]<module>-line:224-INFO: System Info:
[2025-03-02 23:32:34,464][server]<module>-line:225-INFO: Python Version: 3.9.21 (main, Dec 11 2024, 16:35:24) [MSC v.1929 64 bit (AMD64)]
[2025-03-02 23:32:34,465][server]<module>-line:226-INFO: PyTorch Version: 2.6.0+cpu
[2025-03-02 23:32:34,466][server]<module>-line:227-INFO: PIL Version: 11.1.0
[2025-03-02 23:32:34,467][server]<module>-line:228-INFO: CLIP Version: 0.2.0
[2025-03-02 23:32:34,468][server]<module>-line:229-INFO: FastAPI Version: 0.115.8
[2025-03-02 23:32:34,468][server]<module>-line:230-INFO: Uvicorn Version: 0.34.0
[2025-03-02 23:32:34,469][server]<module>-line:232-INFO: Loading Models...
[2025-03-02 23:32:35,544][server]<module>-line:237-INFO: Text Model Encoder: Taiyi-CLIP-Roberta-large-326M-Chinese
[2025-03-02 23:32:37,266][server]<module>-line:243-INFO: Image Model Encoder: clip-vit-large-patch14
[2025-03-02 23:32:37,268][server]<module>-line:245-INFO: Loading DataBase...
[2025-03-02 23:35:30,672][server]<module>-line:35-INFO: Server Starting...
[2025-03-02 23:35:30,673][server]<module>-line:36-INFO: Importing Server Models...
[2025-03-02 23:35:30,674][server]<module>-line:39-INFO: Importing VL Models...
[2025-03-02 23:35:30,680][server]<module>-line:41-INFO: Creating Context...
[2025-03-02 23:35:30,817][server]<module>-line:221-INFO: Starting server...
[2025-03-02 23:35:30,818][server]<module>-line:224-INFO: System Info:
[2025-03-02 23:35:30,818][server]<module>-line:225-INFO: Python Version: 3.9.21 (main, Dec 11 2024, 16:35:24) [MSC v.1929 64 bit (AMD64)]
[2025-03-02 23:35:30,819][server]<module>-line:226-INFO: PyTorch Version: 2.6.0+cpu
[2025-03-02 23:35:30,819][server]<module>-line:227-INFO: PIL Version: 11.1.0
[2025-03-02 23:35:30,820][server]<module>-line:228-INFO: CLIP Version: 0.2.0
[2025-03-02 23:35:30,820][server]<module>-line:229-INFO: FastAPI Version: 0.115.8
[2025-03-02 23:35:30,821][server]<module>-line:230-INFO: Uvicorn Version: 0.34.0
[2025-03-02 23:35:30,821][server]<module>-line:232-INFO: Loading Models...
[2025-03-02 23:35:33,422][server]<module>-line:237-INFO: Text Model Encoder: Taiyi-CLIP-Roberta-large-326M-Chinese
[2025-03-02 23:35:35,485][server]<module>-line:243-INFO: Image Model Encoder: clip-vit-large-patch14
[2025-03-02 23:35:35,485][server]<module>-line:245-INFO: Loading DataBase...
[2025-03-03 01:27:53,958][server]<module>-line:35-INFO: Server Starting...
[2025-03-03 01:27:53,959][server]<module>-line:36-INFO: Importing Server Models...
[2025-03-03 01:27:53,960][server]<module>-line:39-INFO: Importing VL Models...
[2025-03-03 01:27:53,960][server]<module>-line:41-INFO: Creating Context...
[2025-03-03 01:27:54,007][server]<module>-line:210-INFO: Starting server...
[2025-03-03 01:27:54,008][server]<module>-line:213-INFO: System Info:
[2025-03-03 01:27:54,008][server]<module>-line:214-INFO: Python Version: 3.9.21 (main, Dec 11 2024, 16:35:24) [MSC v.1929 64 bit (AMD64)]
[2025-03-03 01:27:54,009][server]<module>-line:215-INFO: PyTorch Version: 2.6.0+cpu
[2025-03-03 01:27:54,009][server]<module>-line:216-INFO: PIL Version: 11.1.0
[2025-03-03 01:27:54,010][server]<module>-line:217-INFO: CLIP Version: 0.2.0
[2025-03-03 01:27:54,010][server]<module>-line:218-INFO: FastAPI Version: 0.115.8
[2025-03-03 01:27:54,010][server]<module>-line:219-INFO: Uvicorn Version: 0.34.0
[2025-03-03 01:27:54,011][server]<module>-line:221-INFO: Loading Models...
[2025-03-03 01:27:54,968][server]<module>-line:226-INFO: Text Model Encoder: Taiyi-CLIP-Roberta-large-326M-Chinese
[2025-03-03 01:27:56,696][server]<module>-line:232-INFO: Image Model Encoder: clip-vit-large-patch14
[2025-03-03 01:27:56,698][server]<module>-line:234-INFO: Loading DataBase...
[2025-03-03 01:53:07,294][server]<module>-line:36-INFO: Server Starting...
[2025-03-03 01:53:07,296][server]<module>-line:37-INFO: Importing Server Models...
[2025-03-03 01:53:07,304][server]<module>-line:40-INFO: Importing VL Models...
[2025-03-03 01:53:07,305][server]<module>-line:42-INFO: Creating Context...
[2025-03-03 01:53:07,441][server]<module>-line:210-INFO: Starting server...
[2025-03-03 01:53:07,441][server]<module>-line:213-INFO: System Info:
[2025-03-03 01:53:07,442][server]<module>-line:214-INFO: Python Version: 3.9.21 (main, Dec 11 2024, 16:35:24) [MSC v.1929 64 bit (AMD64)]
[2025-03-03 01:53:07,442][server]<module>-line:215-INFO: PyTorch Version: 2.6.0+cpu
[2025-03-03 01:53:07,442][server]<module>-line:216-INFO: PIL Version: 11.1.0
[2025-03-03 01:53:07,443][server]<module>-line:217-INFO: CLIP Version: 0.2.0
[2025-03-03 01:53:07,443][server]<module>-line:218-INFO: FastAPI Version: 0.115.8
[2025-03-03 01:53:07,443][server]<module>-line:219-INFO: Uvicorn Version: 0.34.0
[2025-03-03 01:53:07,443][server]<module>-line:221-INFO: Loading Models...
[2025-03-03 01:53:08,359][server]<module>-line:226-INFO: Text Model Encoder: Taiyi-CLIP-Roberta-large-326M-Chinese
[2025-03-03 01:53:09,788][server]<module>-line:232-INFO: Image Model Encoder: clip-vit-large-patch14
[2025-03-03 01:53:09,788][server]<module>-line:234-INFO: Loading DataBase...
[2025-03-03 01:59:46,456][server]<module>-line:36-INFO: Server Starting...
[2025-03-03 01:59:46,456][server]<module>-line:37-INFO: Importing Server Models...
[2025-03-03 01:59:46,457][server]<module>-line:40-INFO: Importing VL Models...
[2025-03-03 01:59:46,457][server]<module>-line:42-INFO: Creating Context...
[2025-03-03 01:59:46,528][server]<module>-line:217-INFO: Starting server...
[2025-03-03 01:59:46,529][server]<module>-line:220-INFO: System Info:
[2025-03-03 01:59:46,529][server]<module>-line:221-INFO: Python Version: 3.9.21 (main, Dec 11 2024, 16:35:24) [MSC v.1929 64 bit (AMD64)]
[2025-03-03 01:59:46,530][server]<module>-line:222-INFO: PyTorch Version: 2.6.0+cpu
[2025-03-03 01:59:46,530][server]<module>-line:223-INFO: PIL Version: 11.1.0
[2025-03-03 01:59:46,530][server]<module>-line:224-INFO: CLIP Version: 0.2.0
[2025-03-03 01:59:46,531][server]<module>-line:225-INFO: FastAPI Version: 0.115.8
[2025-03-03 01:59:46,531][server]<module>-line:226-INFO: Uvicorn Version: 0.34.0
[2025-03-03 01:59:46,532][server]<module>-line:228-INFO: Loading Models...
[2025-03-03 01:59:47,323][server]<module>-line:233-INFO: Text Model Encoder: Taiyi-CLIP-Roberta-large-326M-Chinese
[2025-03-03 01:59:48,486][server]<module>-line:239-INFO: Image Model Encoder: clip-vit-large-patch14
[2025-03-03 01:59:48,486][server]<module>-line:241-INFO: Loading DataBase...
[2025-03-03 02:02:11,128][server]<module>-line:36-INFO: Server Starting...
[2025-03-03 02:02:11,129][server]<module>-line:37-INFO: Importing Server Models...
[2025-03-03 02:02:11,139][server]<module>-line:40-INFO: Importing VL Models...
[2025-03-03 02:02:11,140][server]<module>-line:42-INFO: Creating Context...
[2025-03-03 02:02:11,205][server]<module>-line:217-INFO: Starting server...
[2025-03-03 02:02:11,205][server]<module>-line:220-INFO: System Info:
[2025-03-03 02:02:11,205][server]<module>-line:221-INFO: Python Version: 3.9.21 (main, Dec 11 2024, 16:35:24) [MSC v.1929 64 bit (AMD64)]
[2025-03-03 02:02:11,207][server]<module>-line:222-INFO: PyTorch Version: 2.6.0+cpu
[2025-03-03 02:02:11,207][server]<module>-line:223-INFO: PIL Version: 11.1.0
[2025-03-03 02:02:11,207][server]<module>-line:224-INFO: CLIP Version: 0.2.0
[2025-03-03 02:02:11,208][server]<module>-line:225-INFO: FastAPI Version: 0.115.8
[2025-03-03 02:02:11,208][server]<module>-line:226-INFO: Uvicorn Version: 0.34.0
[2025-03-03 02:02:11,208][server]<module>-line:228-INFO: Loading Models...
[2025-03-03 02:02:11,989][server]<module>-line:233-INFO: Text Model Encoder: Taiyi-CLIP-Roberta-large-326M-Chinese
[2025-03-03 02:02:13,273][server]<module>-line:239-INFO: Image Model Encoder: clip-vit-large-patch14
[2025-03-03 02:02:13,273][server]<module>-line:241-INFO: Loading DataBase...
[2025-03-03 02:03:38,735][server]<module>-line:36-INFO: Server Starting...
[2025-03-03 02:03:38,736][server]<module>-line:37-INFO: Importing Server Models...
[2025-03-03 02:03:38,736][server]<module>-line:40-INFO: Importing VL Models...
[2025-03-03 02:03:38,736][server]<module>-line:42-INFO: Creating Context...
[2025-03-03 02:03:38,793][server]<module>-line:217-INFO: Starting server...
[2025-03-03 02:03:38,793][server]<module>-line:220-INFO: System Info:
[2025-03-03 02:03:38,794][server]<module>-line:221-INFO: Python Version: 3.9.21 (main, Dec 11 2024, 16:35:24) [MSC v.1929 64 bit (AMD64)]
[2025-03-03 02:03:38,804][server]<module>-line:222-INFO: PyTorch Version: 2.6.0+cpu
[2025-03-03 02:03:38,804][server]<module>-line:223-INFO: PIL Version: 11.1.0
[2025-03-03 02:03:38,805][server]<module>-line:224-INFO: CLIP Version: 0.2.0
[2025-03-03 02:03:38,805][server]<module>-line:225-INFO: FastAPI Version: 0.115.8
[2025-03-03 02:03:38,805][server]<module>-line:226-INFO: Uvicorn Version: 0.34.0
[2025-03-03 02:03:38,805][server]<module>-line:228-INFO: Loading Models...
[2025-03-03 02:03:39,643][server]<module>-line:233-INFO: Text Model Encoder: Taiyi-CLIP-Roberta-large-326M-Chinese
[2025-03-03 02:03:40,856][server]<module>-line:239-INFO: Image Model Encoder: clip-vit-large-patch14
[2025-03-03 02:03:40,857][server]<module>-line:241-INFO: Loading DataBase...
[2025-03-03 02:04:56,237][server]<module>-line:36-INFO: Server Starting...
[2025-03-03 02:04:56,238][server]<module>-line:37-INFO: Importing Server Models...
[2025-03-03 02:04:56,239][server]<module>-line:40-INFO: Importing VL Models...
[2025-03-03 02:04:56,239][server]<module>-line:42-INFO: Creating Context...
[2025-03-03 02:04:56,291][server]<module>-line:217-INFO: Starting server...
[2025-03-03 02:04:56,291][server]<module>-line:220-INFO: System Info:
[2025-03-03 02:04:56,292][server]<module>-line:221-INFO: Python Version: 3.9.21 (main, Dec 11 2024, 16:35:24) [MSC v.1929 64 bit (AMD64)]
[2025-03-03 02:04:56,292][server]<module>-line:222-INFO: PyTorch Version: 2.6.0+cpu
[2025-03-03 02:04:56,293][server]<module>-line:223-INFO: PIL Version: 11.1.0
[2025-03-03 02:04:56,293][server]<module>-line:224-INFO: CLIP Version: 0.2.0
[2025-03-03 02:04:56,293][server]<module>-line:225-INFO: FastAPI Version: 0.115.8
[2025-03-03 02:04:56,294][server]<module>-line:226-INFO: Uvicorn Version: 0.34.0
[2025-03-03 02:04:56,294][server]<module>-line:228-INFO: Loading Models...
[2025-03-03 02:04:57,090][server]<module>-line:233-INFO: Text Model Encoder: Taiyi-CLIP-Roberta-large-326M-Chinese
[2025-03-03 02:04:58,301][server]<module>-line:239-INFO: Image Model Encoder: clip-vit-large-patch14
[2025-03-03 02:04:58,301][server]<module>-line:241-INFO: Loading DataBase...
[2025-03-03 02:18:25,564][server]<module>-line:37-INFO: Server Starting...
[2025-03-03 02:18:25,565][server]<module>-line:38-INFO: Importing Server Models...
[2025-03-03 02:18:25,566][server]<module>-line:41-INFO: Importing VL Models...
[2025-03-03 02:18:25,566][server]<module>-line:43-INFO: Creating Context...
[2025-03-03 02:18:25,628][server]<module>-line:215-INFO: Starting server...
[2025-03-03 02:18:25,629][server]<module>-line:218-INFO: System Info:
[2025-03-03 02:18:25,629][server]<module>-line:219-INFO: Python Version: 3.9.21 (main, Dec 11 2024, 16:35:24) [MSC v.1929 64 bit (AMD64)]
[2025-03-03 02:18:25,630][server]<module>-line:220-INFO: PyTorch Version: 2.6.0+cpu
[2025-03-03 02:18:25,630][server]<module>-line:221-INFO: PIL Version: 11.1.0
[2025-03-03 02:18:25,631][server]<module>-line:222-INFO: CLIP Version: 0.2.0
[2025-03-03 02:18:25,631][server]<module>-line:223-INFO: FastAPI Version: 0.115.8
[2025-03-03 02:18:25,632][server]<module>-line:224-INFO: Uvicorn Version: 0.34.0
[2025-03-03 02:18:25,632][server]<module>-line:226-INFO: Loading Models...
[2025-03-03 02:18:26,482][server]<module>-line:231-INFO: Text Model Encoder: Taiyi-CLIP-Roberta-large-326M-Chinese
[2025-03-03 02:18:27,728][server]<module>-line:237-INFO: Image Model Encoder: clip-vit-large-patch14
[2025-03-03 02:18:27,729][server]<module>-line:239-INFO: Loading DataBase...
[2025-03-03 02:22:05,131][server]<module>-line:37-INFO: Server Starting...
[2025-03-03 02:22:05,132][server]<module>-line:38-INFO: Importing Server Models...
[2025-03-03 02:22:05,133][server]<module>-line:41-INFO: Importing VL Models...
[2025-03-03 02:22:05,133][server]<module>-line:43-INFO: Creating Context...
[2025-03-03 02:22:05,180][server]<module>-line:215-INFO: Starting server...
[2025-03-03 02:22:05,181][server]<module>-line:218-INFO: System Info:
[2025-03-03 02:22:05,181][server]<module>-line:219-INFO: Python Version: 3.9.21 (main, Dec 11 2024, 16:35:24) [MSC v.1929 64 bit (AMD64)]
[2025-03-03 02:22:05,182][server]<module>-line:220-INFO: PyTorch Version: 2.6.0+cpu
[2025-03-03 02:22:05,183][server]<module>-line:221-INFO: PIL Version: 11.1.0
[2025-03-03 02:22:05,183][server]<module>-line:222-INFO: CLIP Version: 0.2.0
[2025-03-03 02:22:05,183][server]<module>-line:223-INFO: FastAPI Version: 0.115.8
[2025-03-03 02:22:05,183][server]<module>-line:224-INFO: Uvicorn Version: 0.34.0
[2025-03-03 02:22:05,184][server]<module>-line:226-INFO: Loading Models...
[2025-03-03 02:22:06,012][server]<module>-line:231-INFO: Text Model Encoder: Taiyi-CLIP-Roberta-large-326M-Chinese
[2025-03-03 02:22:07,174][server]<module>-line:237-INFO: Image Model Encoder: clip-vit-large-patch14
[2025-03-03 02:22:07,174][server]<module>-line:239-INFO: Loading DataBase...
[2025-03-03 02:26:41,253][server]<module>-line:37-INFO: Server Starting...
[2025-03-03 02:26:41,254][server]<module>-line:38-INFO: Importing Server Models...
[2025-03-03 02:26:41,254][server]<module>-line:41-INFO: Importing VL Models...
[2025-03-03 02:26:41,254][server]<module>-line:43-INFO: Creating Context...
[2025-03-03 02:26:41,302][server]<module>-line:215-INFO: Starting server...
[2025-03-03 02:26:41,302][server]<module>-line:218-INFO: System Info:
[2025-03-03 02:26:41,303][server]<module>-line:219-INFO: Python Version: 3.9.21 (main, Dec 11 2024, 16:35:24) [MSC v.1929 64 bit (AMD64)]
[2025-03-03 02:26:41,303][server]<module>-line:220-INFO: PyTorch Version: 2.6.0+cpu
[2025-03-03 02:26:41,303][server]<module>-line:221-INFO: PIL Version: 11.1.0
[2025-03-03 02:26:41,304][server]<module>-line:222-INFO: CLIP Version: 0.2.0
[2025-03-03 02:26:41,304][server]<module>-line:223-INFO: FastAPI Version: 0.115.8
[2025-03-03 02:26:41,304][server]<module>-line:224-INFO: Uvicorn Version: 0.34.0
[2025-03-03 02:26:41,305][server]<module>-line:226-INFO: Loading Models...
[2025-03-03 02:26:42,121][server]<module>-line:231-INFO: Text Model Encoder: Taiyi-CLIP-Roberta-large-326M-Chinese
[2025-03-03 02:26:43,244][server]<module>-line:237-INFO: Image Model Encoder: clip-vit-large-patch14
[2025-03-03 02:26:43,245][server]<module>-line:239-INFO: Loading DataBase...
[2025-03-03 02:27:42,761][server]<module>-line:37-INFO: Server Starting...
[2025-03-03 02:27:42,763][server]<module>-line:38-INFO: Importing Server Models...
[2025-03-03 02:27:42,764][server]<module>-line:41-INFO: Importing VL Models...
[2025-03-03 02:27:42,764][server]<module>-line:43-INFO: Creating Context...
[2025-03-03 02:27:42,830][server]<module>-line:215-INFO: Starting server...
[2025-03-03 02:27:42,830][server]<module>-line:218-INFO: System Info:
[2025-03-03 02:27:42,830][server]<module>-line:219-INFO: Python Version: 3.9.21 (main, Dec 11 2024, 16:35:24) [MSC v.1929 64 bit (AMD64)]
[2025-03-03 02:27:42,832][server]<module>-line:220-INFO: PyTorch Version: 2.6.0+cpu
[2025-03-03 02:27:42,832][server]<module>-line:221-INFO: PIL Version: 11.1.0
[2025-03-03 02:27:42,833][server]<module>-line:222-INFO: CLIP Version: 0.2.0
[2025-03-03 02:27:42,833][server]<module>-line:223-INFO: FastAPI Version: 0.115.8
[2025-03-03 02:27:42,833][server]<module>-line:224-INFO: Uvicorn Version: 0.34.0
[2025-03-03 02:27:42,834][server]<module>-line:226-INFO: Loading Models...
[2025-03-03 02:27:43,739][server]<module>-line:231-INFO: Text Model Encoder: Taiyi-CLIP-Roberta-large-326M-Chinese
[2025-03-03 02:27:45,065][server]<module>-line:237-INFO: Image Model Encoder: clip-vit-large-patch14
[2025-03-03 02:27:45,065][server]<module>-line:239-INFO: Loading DataBase...
[2025-03-03 02:34:43,723][server]<module>-line:37-INFO: Server Starting...
[2025-03-03 02:34:43,724][server]<module>-line:38-INFO: Importing Server Models...
[2025-03-03 02:34:43,725][server]<module>-line:41-INFO: Importing VL Models...
[2025-03-03 02:34:43,725][server]<module>-line:43-INFO: Creating Context...
[2025-03-03 02:34:43,802][server]<module>-line:215-INFO: Starting server...
[2025-03-03 02:34:43,803][server]<module>-line:218-INFO: System Info:
[2025-03-03 02:34:43,803][server]<module>-line:219-INFO: Python Version: 3.9.21 (main, Dec 11 2024, 16:35:24) [MSC v.1929 64 bit (AMD64)]
[2025-03-03 02:34:43,804][server]<module>-line:220-INFO: PyTorch Version: 2.6.0+cpu
[2025-03-03 02:34:43,804][server]<module>-line:221-INFO: PIL Version: 11.1.0
[2025-03-03 02:34:43,804][server]<module>-line:222-INFO: CLIP Version: 0.2.0
[2025-03-03 02:34:43,805][server]<module>-line:223-INFO: FastAPI Version: 0.115.8
[2025-03-03 02:34:43,805][server]<module>-line:224-INFO: Uvicorn Version: 0.34.0
[2025-03-03 02:34:43,805][server]<module>-line:226-INFO: Loading Models...
[2025-03-03 02:34:45,322][server]<module>-line:231-INFO: Text Model Encoder: Taiyi-CLIP-Roberta-large-326M-Chinese
[2025-03-03 02:34:47,382][server]<module>-line:237-INFO: Image Model Encoder: clip-vit-large-patch14
[2025-03-03 02:34:47,382][server]<module>-line:239-INFO: Loading DataBase...
[2025-03-03 11:59:37,882][server]<module>-line:37-INFO: Server Starting...
[2025-03-03 11:59:37,884][server]<module>-line:38-INFO: Importing Server Models...
[2025-03-03 11:59:37,884][server]<module>-line:41-INFO: Importing VL Models...
[2025-03-03 11:59:37,884][server]<module>-line:43-INFO: Creating Context...
[2025-03-03 11:59:37,931][server]<module>-line:215-INFO: Starting server...
[2025-03-03 11:59:37,932][server]<module>-line:218-INFO: System Info:
[2025-03-03 11:59:37,932][server]<module>-line:219-INFO: Python Version: 3.9.21 (main, Dec 11 2024, 16:35:24) [MSC v.1929 64 bit (AMD64)]
[2025-03-03 11:59:37,932][server]<module>-line:220-INFO: PyTorch Version: 2.6.0+cpu
[2025-03-03 11:59:37,933][server]<module>-line:221-INFO: PIL Version: 11.1.0
[2025-03-03 11:59:37,933][server]<module>-line:222-INFO: CLIP Version: 0.2.0
[2025-03-03 11:59:37,933][server]<module>-line:223-INFO: FastAPI Version: 0.115.8
[2025-03-03 11:59:37,934][server]<module>-line:224-INFO: Uvicorn Version: 0.34.0
[2025-03-03 11:59:37,934][server]<module>-line:226-INFO: Loading Models...
[2025-03-03 11:59:38,702][server]<module>-line:231-INFO: Text Model Encoder: Taiyi-CLIP-Roberta-large-326M-Chinese
[2025-03-03 11:59:39,916][server]<module>-line:237-INFO: Image Model Encoder: clip-vit-large-patch14
[2025-03-03 11:59:39,916][server]<module>-line:239-INFO: Loading DataBase...
[2025-03-04 02:16:30,025][server]<module>-line:37-INFO: Server Starting...
[2025-03-04 02:16:30,027][server]<module>-line:38-INFO: Importing Server Models...
[2025-03-04 02:16:30,027][server]<module>-line:41-INFO: Importing VL Models...
[2025-03-04 02:16:30,028][server]<module>-line:43-INFO: Creating Context...
[2025-03-04 02:16:30,113][server]<module>-line:208-INFO: Starting server...
[2025-03-04 02:16:30,113][server]<module>-line:211-INFO: System Info:
[2025-03-04 02:16:30,114][server]<module>-line:212-INFO: Python Version: 3.9.21 (main, Dec 11 2024, 16:35:24) [MSC v.1929 64 bit (AMD64)]
[2025-03-04 02:16:30,114][server]<module>-line:213-INFO: PyTorch Version: 2.6.0+cpu
[2025-03-04 02:16:30,115][server]<module>-line:214-INFO: PIL Version: 11.1.0
[2025-03-04 02:16:30,115][server]<module>-line:215-INFO: CLIP Version: 0.2.0
[2025-03-04 02:16:30,116][server]<module>-line:216-INFO: FastAPI Version: 0.115.8
[2025-03-04 02:16:30,116][server]<module>-line:217-INFO: Uvicorn Version: 0.34.0
[2025-03-04 02:16:30,116][server]<module>-line:219-INFO: Loading Models...
[2025-03-04 02:16:31,344][server]<module>-line:224-INFO: Text Model Encoder: Taiyi-CLIP-Roberta-large-326M-Chinese
[2025-03-04 02:16:32,757][server]<module>-line:230-INFO: Image Model Encoder: clip-vit-large-patch14
[2025-03-04 02:16:32,758][server]<module>-line:232-INFO: Loading DataBase...
[2025-03-04 02:17:06,155][server]<module>-line:37-INFO: Server Starting...
[2025-03-04 02:17:06,157][server]<module>-line:38-INFO: Importing Server Models...
[2025-03-04 02:17:06,158][server]<module>-line:41-INFO: Importing VL Models...
[2025-03-04 02:17:06,158][server]<module>-line:43-INFO: Creating Context...
[2025-03-04 02:17:06,218][server]<module>-line:208-INFO: Starting server...
[2025-03-04 02:17:06,218][server]<module>-line:211-INFO: System Info:
[2025-03-04 02:17:06,219][server]<module>-line:212-INFO: Python Version: 3.9.21 (main, Dec 11 2024, 16:35:24) [MSC v.1929 64 bit (AMD64)]
[2025-03-04 02:17:06,220][server]<module>-line:213-INFO: PyTorch Version: 2.6.0+cpu
[2025-03-04 02:17:06,220][server]<module>-line:214-INFO: PIL Version: 11.1.0
[2025-03-04 02:17:06,221][server]<module>-line:215-INFO: CLIP Version: 0.2.0
[2025-03-04 02:17:06,221][server]<module>-line:216-INFO: FastAPI Version: 0.115.8
[2025-03-04 02:17:06,222][server]<module>-line:217-INFO: Uvicorn Version: 0.34.0
[2025-03-04 02:17:06,223][server]<module>-line:219-INFO: Loading Models...
[2025-03-04 02:17:07,999][server]<module>-line:224-INFO: Text Model Encoder: Taiyi-CLIP-Roberta-large-326M-Chinese
[2025-03-04 02:17:10,525][server]<module>-line:230-INFO: Image Model Encoder: clip-vit-large-patch14
[2025-03-04 02:17:10,526][server]<module>-line:232-INFO: Loading DataBase...
[2025-03-04 15:37:18,963][server]<module>-line:37-INFO: Server Starting...
[2025-03-04 15:37:18,981][server]<module>-line:38-INFO: Importing Server Models...
[2025-03-04 15:37:19,018][server]<module>-line:41-INFO: Importing VL Models...
[2025-03-04 15:37:19,064][server]<module>-line:43-INFO: Creating Context...
[2025-03-04 15:37:19,418][server]<module>-line:208-INFO: Starting server...
[2025-03-04 15:37:19,420][server]<module>-line:211-INFO: System Info:
[2025-03-04 15:37:19,422][server]<module>-line:212-INFO: Python Version: 3.9.21 (main, Dec 11 2024, 16:35:24) [MSC v.1929 64 bit (AMD64)]
[2025-03-04 15:37:19,423][server]<module>-line:213-INFO: PyTorch Version: 2.6.0+cpu
[2025-03-04 15:37:19,423][server]<module>-line:214-INFO: PIL Version: 11.1.0
[2025-03-04 15:37:19,424][server]<module>-line:215-INFO: CLIP Version: 0.2.0
[2025-03-04 15:37:19,426][server]<module>-line:216-INFO: FastAPI Version: 0.115.8
[2025-03-04 15:37:19,426][server]<module>-line:217-INFO: Uvicorn Version: 0.34.0
[2025-03-04 15:37:19,427][server]<module>-line:219-INFO: Loading Models...
[2025-03-04 15:37:22,373][server]<module>-line:224-INFO: Text Model Encoder: Taiyi-CLIP-Roberta-large-326M-Chinese
[2025-03-04 15:37:25,739][server]<module>-line:230-INFO: Image Model Encoder: clip-vit-large-patch14
[2025-03-04 15:37:25,740][server]<module>-line:232-INFO: Loading DataBase...
